This is pdfTeX, Version 3.1415926-1.40.11 (MiKTeX 2.9) (preloaded format=pdflatex 2011.3.31)  6 APR 2011 10:52
entering extended mode
**Arbeit.tex
(E:\FUCKYOU2\Arbeit.tex
LaTeX2e <2009/09/24>
Babel <v3.8l> and hyphenation patterns for english, afrikaans, ancientgreek, ar
abic, armenian, assamese, basque, bengali, bokmal, bulgarian, catalan, coptic, 
croatian, czech, danish, dutch, esperanto, estonian, farsi, finnish, french, ga
lician, german, german-x-2009-06-19, greek, gujarati, hindi, hungarian, iceland
ic, indonesian, interlingua, irish, italian, kannada, kurmanji, lao, latin, lat
vian, lithuanian, malayalam, marathi, mongolian, mongolianlmc, monogreek, ngerm
an, ngerman-x-2009-06-19, nynorsk, oriya, panjabi, pinyin, polish, portuguese, 
romanian, russian, sanskrit, serbian, slovak, slovenian, spanish, swedish, swis
sgerman, tamil, telugu, turkish, turkmen, ukenglish, ukrainian, uppersorbian, u
senglishmax, welsh, loaded.

("C:\Dokumente und Einstellungen\Martin\Anwendungsdaten\MiKTeX\2.9\tex\latex\ko
ma-script\scrartcl.cls"
Document Class: scrartcl 2010/09/17 v3.07 KOMA-Script document class (article)

("C:\Dokumente und Einstellungen\Martin\Anwendungsdaten\MiKTeX\2.9\tex\latex\ko
ma-script\scrkbase.sty"
Package: scrkbase 2010/09/17 v3.07 KOMA-Script package (KOMA-Script-dependent b
asics and keyval usage)

("C:\Dokumente und Einstellungen\Martin\Anwendungsdaten\MiKTeX\2.9\tex\latex\ko
ma-script\scrbase.sty"
Package: scrbase 2010/09/17 v3.07 KOMA-Script package (KOMA-Script-independent 
basics and keyval usage)
 (D:\MiKTeX\tex\latex\graphics\keyval.sty
Package: keyval 1999/03/16 v1.13 key=value parser (DPC)
\KV@toks@=\toks14
)
("C:\Dokumente und Einstellungen\Martin\Anwendungsdaten\MiKTeX\2.9\tex\latex\ko
ma-script\scrlfile.sty"
Package: scrlfile 2009/03/25 v3.03 KOMA-Script package (loading files)

Package scrlfile, 2009/03/25 v3.03 KOMA-Script package (loading files)
                  Copyright (C) Markus Kohm

)))
("C:\Dokumente und Einstellungen\Martin\Anwendungsdaten\MiKTeX\2.9\tex\latex\ko
ma-script\tocbasic.sty"
Package: tocbasic 2010/09/14 v3.06a KOMA-Script package (handling toc-files)
)
Package tocbasic Info: omitting babel extension for `toc'
(tocbasic)             because of feature `nobabel' available
(tocbasic)             for `toc' on input line 115.
Package tocbasic Info: omitting babel extension for `lof'
(tocbasic)             because of feature `nobabel' available
(tocbasic)             for `lof' on input line 116.
Package tocbasic Info: omitting babel extension for `lot'
(tocbasic)             because of feature `nobabel' available
(tocbasic)             for `lot' on input line 117.
Package scrartcl Info: You've used obsolete option `10pt'.
(scrartcl)             \KOMAExecuteOptions{fontsize=10pt} will be
(scrartcl)             used instead.
(scrartcl)             You may simply replace `10pt'
(scrartcl)             by `fontsize=10pt'.
Class scrartcl Info: File `scrsize10pt.clo' used to setup font sizes on input l
ine 1210.

("C:\Dokumente und Einstellungen\Martin\Anwendungsdaten\MiKTeX\2.9\tex\latex\ko
ma-script\scrsize10pt.clo"
File: scrsize10pt.clo 2010/09/17 v3.07 KOMA-Script font size class option (10pt
)
)
("C:\Dokumente und Einstellungen\Martin\Anwendungsdaten\MiKTeX\2.9\tex\latex\ko
ma-script\typearea.sty"
Package: typearea 2010/09/17 v3.07 KOMA-Script package (type area)

Package typearea, 2010/09/17 v3.07 KOMA-Script package (type area)
                  Copyright (C) Frank Neukam, 1992-1994
                  Copyright (C) Markus Kohm, 1994-

\ta@bcor=\skip41
\ta@div=\count79
\ta@hblk=\skip42
\ta@vblk=\skip43
\ta@temp=\skip44
Package typearea Info: These are the values describing the layout:
(typearea)             DIV  = 8
(typearea)             BCOR = 0.0pt
(typearea)             \paperwidth      = 597.50793pt
(typearea)              \textwidth      = 373.44246pt
(typearea)              DIV departure   = -4%
(typearea)              \evensidemargin = 39.76274pt
(typearea)              \oddsidemargin  = 39.76274pt
(typearea)             \paperheight     = 845.04694pt
(typearea)              \textheight     = 538.0pt
(typearea)              \topmargin      = 0.36087pt
(typearea)              \headheight     = 15.0pt
(typearea)              \headsep        = 18.0pt
(typearea)              \topskip        = 10.0pt
(typearea)              \footskip       = 42.0pt
(typearea)              \baselineskip   = 12.0pt
(typearea)              on input line 1134.
)
\c@part=\count80
\c@section=\count81
\c@subsection=\count82
\c@subsubsection=\count83
\c@paragraph=\count84
\c@subparagraph=\count85
\abovecaptionskip=\skip45
\belowcaptionskip=\skip46
\c@pti@nb@sid@b@x=\box26
\c@figure=\count86
\c@table=\count87
\bibindent=\dimen102
)
("C:\Dokumente und Einstellungen\Martin\Anwendungsdaten\MiKTeX\2.9\tex\latex\li
stings\listings.sty"
\lst@mode=\count88
\lst@gtempboxa=\box27
\lst@token=\toks15
\lst@length=\count89
\lst@currlwidth=\dimen103
\lst@column=\count90
\lst@pos=\count91
\lst@lostspace=\dimen104
\lst@width=\dimen105
\lst@newlines=\count92
\lst@lineno=\count93
\lst@maxwidth=\dimen106

("C:\Dokumente und Einstellungen\Martin\Anwendungsdaten\MiKTeX\2.9\tex\latex\li
stings\lstmisc.sty"
File: lstmisc.sty 2007/02/22 1.4 (Carsten Heinz)
\c@lstnumber=\count94
\lst@skipnumbers=\count95
\lst@framebox=\box28
)
("C:\Dokumente und Einstellungen\Martin\Anwendungsdaten\MiKTeX\2.9\tex\latex\li
stings\listings.cfg"
File: listings.cfg 2007/02/22 1.4 listings configuration
))
Package: listings 2007/02/22 1.4 (Carsten Heinz)

("C:\Dokumente und Einstellungen\Martin\Anwendungsdaten\MiKTeX\2.9\tex\latex\pd
fcprot\pdfcprot.sty"
Package: pdfcprot 2002/02/27 v1.5 character protruding using pdflatex (cs)
 (D:\MiKTeX\tex\latex\base\ifthen.sty
Package: ifthen 2001/05/26 v1.1c Standard LaTeX ifthen package (DPC)
)
\c@CPROT@family=\count96
\c@CPROT@family@temp=\count97
\c@CPROT@series=\count98
\c@CPROT@series@temp=\count99
\c@CPROT@shape=\count100
\c@CPROT@shape@temp=\count101
\c@CPROT@size=\count102
\c@CPROT@size@temp=\count103
\c@CPROT@temp@chars=\count104
Package pdfcprot Info: \ifpdfoutput already defined.
(pdfcprot)             That may happen when using KOMA-Script together
(pdfcprot)             with ``pdfcprot.sty''. I have changed the definition
(pdfcprot)             from Markus' KOMA-Script, so if you experience errors
(pdfcprot)             try \let\ifpdfoutput\relax before loading ``pdfcprot.sty
''. on input line 747.
Package pdfcprot Info: You've requested char protruding for TS1 encoding
(pdfcprot)             but TS1 encoding doesn't seem to be loaded.
(pdfcprot)             Maybe you forgot a '\usepackage{textcomp}'. on input lin
e 805.
Package pdfcprot Info: You've requested char protruding for TS1 encoding
(pdfcprot)             but TS1 encoding doesn't seem to be loaded.
(pdfcprot)             Maybe you forgot a '\usepackage{textcomp}'. on input lin
e 805.
Package pdfcprot Info: You've requested char protruding for TS1 encoding
(pdfcprot)             but TS1 encoding doesn't seem to be loaded.
(pdfcprot)             Maybe you forgot a '\usepackage{textcomp}'. on input lin
e 805.
)
Package scrbase Info: \ifpdftex already defined.
(scrbase)             If \ifpdftex does not behave like
(scrbase)             it was described at the KOMA-Script manual, try to
(scrbase)             load `scrbase.sty' earlier or find out at which
(scrbase)             package or class \ifpdftex was defined before.

(D:\MiKTeX\tex\latex\ltxmisc\url.sty
\Urlmuskip=\muskip10
Package: url 2006/04/12  ver 3.3  Verb mode for urls, etc.
) (D:\MiKTeX\tex\latex\tools\tabularx.sty
Package: tabularx 1999/01/07 v2.07 `tabularx' package (DPC)

(D:\MiKTeX\tex\latex\tools\array.sty
Package: array 2008/09/09 v2.4c Tabular extension package (FMi)
\col@sep=\dimen107
\extrarowheight=\dimen108
\NC@list=\toks16
\extratabsurround=\skip47
\backup@length=\skip48
)
\TX@col@width=\dimen109
\TX@old@table=\dimen110
\TX@old@col=\dimen111
\TX@target=\dimen112
\TX@delta=\dimen113
\TX@cols=\count105
\TX@ftn=\toks17
)
("C:\Dokumente und Einstellungen\Martin\Anwendungsdaten\MiKTeX\2.9\tex\latex\se
tspace\setspace.sty"
Package: setspace 2000/12/01 6.7 Contributed and Supported LaTeX2e package

Package: `setspace' 6.7 <2000/12/01>
)
("C:\Dokumente und Einstellungen\Martin\Anwendungsdaten\MiKTeX\2.9\tex\latex\ge
rman\ngerman.sty" v2.5e 1998-07-08
Package: ngerman 1998/07/08 v2.5e Support for writing german texts (br)
\grmnU@D=\dimen114
ngerman -- \language number for naustrian undefined, default 44 used.
) (D:\MiKTeX\tex\latex\graphics\graphicx.sty
Package: graphicx 1999/02/16 v1.0f Enhanced LaTeX Graphics (DPC,SPQR)

(D:\MiKTeX\tex\latex\graphics\graphics.sty
Package: graphics 2009/02/05 v1.0o Standard LaTeX Graphics (DPC,SPQR)

(D:\MiKTeX\tex\latex\graphics\trig.sty
Package: trig 1999/03/16 v1.09 sin cos tan (DPC)
)
(D:\MiKTeX\tex\latex\00miktex\graphics.cfg
File: graphics.cfg 2007/01/18 v1.5 graphics configuration of teTeX/TeXLive
)
Package graphics Info: Driver file: pdftex.def on input line 91.

(D:\MiKTeX\tex\latex\pdftex-def\pdftex.def
File: pdftex.def 2010/09/14 v0.05b Graphics/color for pdfTeX
\Gread@gobject=\count106
))
\Gin@req@height=\dimen115
\Gin@req@width=\dimen116
)
(E:\FUCKYOU2\listingsettings.def.tex) (E:\FUCKYOU2\Arbeit.aux)
LaTeX Font Info:    Checking defaults for OML/cmm/m/it on input line 57.
LaTeX Font Info:    ... okay on input line 57.
LaTeX Font Info:    Checking defaults for T1/cmr/m/n on input line 57.
LaTeX Font Info:    ... okay on input line 57.
LaTeX Font Info:    Checking defaults for OT1/cmr/m/n on input line 57.
LaTeX Font Info:    ... okay on input line 57.
LaTeX Font Info:    Checking defaults for OMS/cmsy/m/n on input line 57.
LaTeX Font Info:    ... okay on input line 57.
LaTeX Font Info:    Checking defaults for OMX/cmex/m/n on input line 57.
LaTeX Font Info:    ... okay on input line 57.
LaTeX Font Info:    Checking defaults for U/cmr/m/n on input line 57.
LaTeX Font Info:    ... okay on input line 57.
\c@lstlisting=\count107
Package pdfcprot Info: I didn't find cmrbxnOT1.cpa.
(pdfcprot)              As a fallback I will try pplmnOT1.cpa. on input line 57
.

("C:\Dokumente und Einstellungen\Martin\Anwendungsdaten\MiKTeX\2.9\tex\latex\pd
fcprot\pplmnOT1.cpa")
Package pdfcprot Info: File pplmnOT1.cpa{} used for the adjustment
(pdfcprot)             of the char protruding. It seems that it isn't the one
(pdfcprot)             you intended to use. on input line 57.
Package pdfcprot Info: I didn't find cmrbxnOT1.cpa.
(pdfcprot)              As a fallback I will try pplmnOT1.cpa. on input line 57
.
Package pdfcprot Info: File pplmnOT1.cpa{} used for the adjustment
(pdfcprot)             of the char protruding. It seems that it isn't the one
(pdfcprot)             you intended to use. on input line 57.
Package pdfcprot Info: I didn't find cmrbxnOT1.cpa.
(pdfcprot)              As a fallback I will try pplmnOT1.cpa. on input line 57
.
Package pdfcprot Info: File pplmnOT1.cpa{} used for the adjustment
(pdfcprot)             of the char protruding. It seems that it isn't the one
(pdfcprot)             you intended to use. on input line 57.
Package pdfcprot Info: I didn't find cmrbxnOT1.cpa.
(pdfcprot)              As a fallback I will try pplmnOT1.cpa. on input line 57
.
Package pdfcprot Info: File pplmnOT1.cpa{} used for the adjustment
(pdfcprot)             of the char protruding. It seems that it isn't the one
(pdfcprot)             you intended to use. on input line 57.
Package pdfcprot Info: I didn't find cmssbxnOT1.cpa.
(pdfcprot)              As a fallback I will try pplmnOT1.cpa. on input line 57
.
Package pdfcprot Info: File pplmnOT1.cpa{} used for the adjustment
(pdfcprot)             of the char protruding. It seems that it isn't the one
(pdfcprot)             you intended to use. on input line 57.
Package pdfcprot Info: I didn't find cmssbxnOT1.cpa.
(pdfcprot)              As a fallback I will try pplmnOT1.cpa. on input line 57
.
Package pdfcprot Info: File pplmnOT1.cpa{} used for the adjustment
(pdfcprot)             of the char protruding. It seems that it isn't the one
(pdfcprot)             you intended to use. on input line 57.
Package pdfcprot Info: I didn't find cmssbxnOT1.cpa.
(pdfcprot)              As a fallback I will try pplmnOT1.cpa. on input line 57
.
Package pdfcprot Info: File pplmnOT1.cpa{} used for the adjustment
(pdfcprot)             of the char protruding. It seems that it isn't the one
(pdfcprot)             you intended to use. on input line 57.
Package pdfcprot Info: I didn't find cmssbxnOT1.cpa.
(pdfcprot)              As a fallback I will try pplmnOT1.cpa. on input line 57
.
Package pdfcprot Info: File pplmnOT1.cpa{} used for the adjustment
(pdfcprot)             of the char protruding. It seems that it isn't the one
(pdfcprot)             you intended to use. on input line 57.
Package pdfcprot Info: I didn't find cmrmnOT1.cpa.
(pdfcprot)              As a fallback I will try pplmnOT1.cpa. on input line 57
.
Package pdfcprot Info: File pplmnOT1.cpa{} used for the adjustment
(pdfcprot)             of the char protruding. It seems that it isn't the one
(pdfcprot)             you intended to use. on input line 57.
Package pdfcprot Info: I didn't find cmrmnOT1.cpa.
(pdfcprot)              As a fallback I will try pplmnOT1.cpa. on input line 57
.
Package pdfcprot Info: File pplmnOT1.cpa{} used for the adjustment
(pdfcprot)             of the char protruding. It seems that it isn't the one
(pdfcprot)             you intended to use. on input line 57.
Package pdfcprot Info: I didn't find cmrmnOT1.cpa.
(pdfcprot)              As a fallback I will try pplmnOT1.cpa. on input line 57
.
Package pdfcprot Info: File pplmnOT1.cpa{} used for the adjustment
(pdfcprot)             of the char protruding. It seems that it isn't the one
(pdfcprot)             you intended to use. on input line 57.
Package pdfcprot Info: I didn't find cmrmnOT1.cpa.
(pdfcprot)              As a fallback I will try pplmnOT1.cpa. on input line 57
.
Package pdfcprot Info: File pplmnOT1.cpa{} used for the adjustment
(pdfcprot)             of the char protruding. It seems that it isn't the one
(pdfcprot)             you intended to use. on input line 57.
Package pdfcprot Info: I didn't find cmrmitOT1.cpa.
(pdfcprot)              As a fallback I will try pplmnOT1.cpa. on input line 57
.
Package pdfcprot Info: File pplmnOT1.cpa{} used for the adjustment
(pdfcprot)             of the char protruding. It seems that it isn't the one
(pdfcprot)             you intended to use. on input line 57.
Package pdfcprot Info: I didn't find cmrmitOT1.cpa.
(pdfcprot)              As a fallback I will try pplmnOT1.cpa. on input line 57
.
Package pdfcprot Info: File pplmnOT1.cpa{} used for the adjustment
(pdfcprot)             of the char protruding. It seems that it isn't the one
(pdfcprot)             you intended to use. on input line 57.
Package pdfcprot Info: I didn't find cmrmitOT1.cpa.
(pdfcprot)              As a fallback I will try pplmnOT1.cpa. on input line 57
.
Package pdfcprot Info: File pplmnOT1.cpa{} used for the adjustment
(pdfcprot)             of the char protruding. It seems that it isn't the one
(pdfcprot)             you intended to use. on input line 57.
Package pdfcprot Info: I didn't find cmrmitOT1.cpa.
(pdfcprot)              As a fallback I will try pplmnOT1.cpa. on input line 57
.
Package pdfcprot Info: File pplmnOT1.cpa{} used for the adjustment
(pdfcprot)             of the char protruding. It seems that it isn't the one
(pdfcprot)             you intended to use. on input line 57.
Package pdfcprot Info: I didn't find cmssmnOT1.cpa.
(pdfcprot)              As a fallback I will try pplmnOT1.cpa. on input line 57
.
Package pdfcprot Info: File pplmnOT1.cpa{} used for the adjustment
(pdfcprot)             of the char protruding. It seems that it isn't the one
(pdfcprot)             you intended to use. on input line 57.
Package pdfcprot Info: I didn't find cmssmnOT1.cpa.
(pdfcprot)              As a fallback I will try pplmnOT1.cpa. on input line 57
.
Package pdfcprot Info: File pplmnOT1.cpa{} used for the adjustment
(pdfcprot)             of the char protruding. It seems that it isn't the one
(pdfcprot)             you intended to use. on input line 57.
Package pdfcprot Info: I didn't find cmssmnOT1.cpa.
(pdfcprot)              As a fallback I will try pplmnOT1.cpa. on input line 57
.
Package pdfcprot Info: File pplmnOT1.cpa{} used for the adjustment
(pdfcprot)             of the char protruding. It seems that it isn't the one
(pdfcprot)             you intended to use. on input line 57.
Package pdfcprot Info: I didn't find cmssmnOT1.cpa.
(pdfcprot)              As a fallback I will try pplmnOT1.cpa. on input line 57
.
Package pdfcprot Info: File pplmnOT1.cpa{} used for the adjustment
(pdfcprot)             of the char protruding. It seems that it isn't the one
(pdfcprot)             you intended to use. on input line 57.


LaTeX Font Warning: Font shape `OT1/cmss/m/it' in size <8> not available
(Font)              Font shape `OT1/cmss/m/sl' tried instead on input line 57.


LaTeX Font Warning: Font shape `OT1/cmss/m/it' in size <12> not available
(Font)              Font shape `OT1/cmss/m/sl' tried instead on input line 57.

Package pdfcprot Info: I didn't find cmssmitOT1.cpa.
(pdfcprot)              As a fallback I will try pplmnOT1.cpa. on input line 57
.
Package pdfcprot Info: File pplmnOT1.cpa{} used for the adjustment
(pdfcprot)             of the char protruding. It seems that it isn't the one
(pdfcprot)             you intended to use. on input line 57.

LaTeX Font Warning: Font shape `OT1/cmss/m/it' in size <10> not available
(Font)              Font shape `OT1/cmss/m/sl' tried instead on input line 57.

Package pdfcprot Info: I didn't find cmssmitOT1.cpa.
(pdfcprot)              As a fallback I will try pplmnOT1.cpa. on input line 57
.
Package pdfcprot Info: File pplmnOT1.cpa{} used for the adjustment
(pdfcprot)             of the char protruding. It seems that it isn't the one
(pdfcprot)             you intended to use. on input line 57.

LaTeX Font Warning: Font shape `OT1/cmss/m/it' in size <9> not available
(Font)              Font shape `OT1/cmss/m/sl' tried instead on input line 57.

Package pdfcprot Info: I didn't find cmssmitOT1.cpa.
(pdfcprot)              As a fallback I will try pplmnOT1.cpa. on input line 57
.
Package pdfcprot Info: File pplmnOT1.cpa{} used for the adjustment
(pdfcprot)             of the char protruding. It seems that it isn't the one
(pdfcprot)             you intended to use. on input line 57.
Package pdfcprot Info: I didn't find cmssmitOT1.cpa.
(pdfcprot)              As a fallback I will try pplmnOT1.cpa. on input line 57
.
Package pdfcprot Info: File pplmnOT1.cpa{} used for the adjustment
(pdfcprot)             of the char protruding. It seems that it isn't the one
(pdfcprot)             you intended to use. on input line 57.
Package pdfcprot Info: I didn't find cmssmslOT1.cpa.
(pdfcprot)              As a fallback I will try pplmnOT1.cpa. on input line 57
.
Package pdfcprot Info: File pplmnOT1.cpa{} used for the adjustment
(pdfcprot)             of the char protruding. It seems that it isn't the one
(pdfcprot)             you intended to use. on input line 57.
Package pdfcprot Info: I didn't find cmssmslOT1.cpa.
(pdfcprot)              As a fallback I will try pplmnOT1.cpa. on input line 57
.
Package pdfcprot Info: File pplmnOT1.cpa{} used for the adjustment
(pdfcprot)             of the char protruding. It seems that it isn't the one
(pdfcprot)             you intended to use. on input line 57.
Package pdfcprot Info: I didn't find cmssmslOT1.cpa.
(pdfcprot)              As a fallback I will try pplmnOT1.cpa. on input line 57
.
Package pdfcprot Info: File pplmnOT1.cpa{} used for the adjustment
(pdfcprot)             of the char protruding. It seems that it isn't the one
(pdfcprot)             you intended to use. on input line 57.
Package pdfcprot Info: I didn't find cmssmslOT1.cpa.
(pdfcprot)              As a fallback I will try pplmnOT1.cpa. on input line 57
.
Package pdfcprot Info: File pplmnOT1.cpa{} used for the adjustment
(pdfcprot)             of the char protruding. It seems that it isn't the one
(pdfcprot)             you intended to use. on input line 57.

("C:\Dokumente und Einstellungen\Martin\Anwendungsdaten\MiKTeX\2.9\tex\context\
base\supp-pdf.mkii"
[Loading MPS to PDF converter (version 2006.09.02).]
\scratchcounter=\count108
\scratchdimen=\dimen117
\scratchbox=\box29
\nofMPsegments=\count109
\nofMParguments=\count110
\everyMPshowfont=\toks18
\MPscratchCnt=\count111
\MPscratchDim=\dimen118
\MPnumerator=\count112
\everyMPtoPDFconversion=\toks19
)

Package scrbase Warning: \ifpdftex was redefined
(scrbase)                at the document preamble.
(scrbase)                If you did not redefine it by yourself, have a
(scrbase)                a look at the description of this command at
(scrbase)                the manual of every package you are using.

(E:\FUCKYOU2\first_page.tex <fig/uni_logo.pdf, id=1, 211.79124pt x 58.2175pt>
File: fig/uni_logo.pdf Graphic file (type pdf)

<use fig/uni_logo.pdf>
Overfull \hbox (5.69919pt too wide) in paragraph at lines 5--6
[] [] 
 []

[1

{C:/Dokumente und Einstellungen/Martin/Lokale Einstellungen/Anwendungsdaten/MiK
TeX/2.9/pdftex/config/pdftex.map} <E:/FUCKYOU2/fig/uni_logo.pdf>])
Missing character: There is no Ã in font cmr10!
Missing character: There is no ¤ in font cmr10!

(E:\FUCKYOU2\Arbeit.toc
LaTeX Font Info:    External font `cmex10' loaded for size
(Font)              <7> on input line 2.
LaTeX Font Info:    External font `cmex10' loaded for size
(Font)              <5> on input line 2.
)
\tf@toc=\write3
 [2] (E:\FUCKYOU2\introduction.tex
("C:\Dokumente und Einstellungen\Martin\Anwendungsdaten\MiKTeX\2.9\tex\latex\li
stings\lstlang1.sty"
File: lstlang1.sty 2004/09/05 1.3 listings language file
)
("C:\Dokumente und Einstellungen\Martin\Anwendungsdaten\MiKTeX\2.9\tex\latex\li
stings\lstlang2.sty"
File: lstlang2.sty 2004/09/05 1.3 listings language file
)
("C:\Dokumente und Einstellungen\Martin\Anwendungsdaten\MiKTeX\2.9\tex\latex\li
stings\lstlang3.sty"
File: lstlang3.sty 2004/09/05 1.3 listings language file
)
LaTeX Font Info:    External font `cmex10' loaded for size
(Font)              <9> on input line 52.
LaTeX Font Info:    External font `cmex10' loaded for size
(Font)              <6> on input line 52.
 [3]
LaTeX Font Info:    Try loading font information for OMS+cmr on input line 81.
 (D:\MiKTeX\tex\latex\base\omscmr.fd
File: omscmr.fd 1999/05/25 v2.5h Standard LaTeX font definitions
)
LaTeX Font Info:    Font shape `OMS/cmr/m/n' in size <10> not available
(Font)              Font shape `OMS/cmsy/m/n' tried instead on input line 81.
 [4])
(E:\FUCKYOU2\extension.tex
("C:\Dokumente und Einstellungen\Martin\Anwendungsdaten\MiKTeX\2.9\tex\latex\li
stings\lstlang1.sty"
File: lstlang1.sty 2004/09/05 1.3 listings language file
) [5] <fig/struktur.png, id=34, 641.92764pt x 419.44942pt>
File: fig/struktur.png Graphic file (type png)

<use fig/struktur.png>
LaTeX Font Info:    Font shape `OMS/cmr/m/n' in size <9> not available
(Font)              Font shape `OMS/cmsy/m/n' tried instead on input line 45.
LaTeX Font Info:    Try loading font information for OML+cmr on input line 46.
 (D:\MiKTeX\tex\latex\base\omlcmr.fd
File: omlcmr.fd 1999/05/25 v2.5h Standard LaTeX font definitions
)
LaTeX Font Info:    Font shape `OML/cmr/m/n' in size <9> not available
(Font)              Font shape `OML/cmm/m/it' tried instead on input line 46.
 [6 <E:/FUCKYOU2/fig/struktur.png (PNG copy)>] [7]) (E:\FUCKYOU2\Dirigent.tex [
8])
(E:\FUCKYOU2\Befehle.tex [9] [10] [11] [12]) (E:\FUCKYOU2\Beispiele.tex
[13]
Overfull \hbox (2.64952pt too wide) in paragraph at lines 62--68
[]\OT1/cmr/m/n/10 Einige Ler-nen-de wer-den ver-mut-lich gleich be-mer-ken, das
s wenn nun die Tromm-
 []

<fig/Trommler_interface.png, id=63, 591.20876pt x 416.55624pt>
File: fig/Trommler_interface.png Graphic file (type png)

<use fig/Trommler_interface.png>
Overfull \hbox (28.44081pt too wide) in paragraph at lines 76--77
 [][] 
 []

[14 <E:/FUCKYOU2/fig/Trommler_interface.png>] [15] [16] [17] [18]
<fig/Rettungsauto_interface.jpg, id=84, 623.32875pt x 460.72125pt>
File: fig/Rettungsauto_interface.jpg Graphic file (type jpg)

<use fig/Rettungsauto_interface.jpg>
Overfull \hbox (9.53581pt too wide) in paragraph at lines 363--364
 [][] 
 []

[19] [20 <E:/FUCKYOU2/fig/Rettungsauto_interface.jpg>] [21])
(E:\FUCKYOU2\Arbeit.bbl
Underfull \hbox (badness 1205) in paragraph at lines 4--8
[]\OT1/cmr/m/n/10 Midi Ma-nu-fac-tur-er As-sosia-ti-on.  Gm 1 so-und-set.  $\OT
1/cmtt/m/n/10 http : / / www . midi . org / techspecs /
 []


Underfull \hbox (badness 1635) in paragraph at lines 10--15
[]\OT1/cmr/m/n/10 A Lue-de-ke.  Java-sound, mi-di.  $\OT1/cmtt/m/n/10 http : / 
/ www-[]lehre . informatik . uni-[]osnabrueck . de /
 []

) [22] (E:\FUCKYOU2\Arbeit.aux) ) 
Here is how much of TeX's memory you used:
 4373 strings out of 494019
 63777 string characters out of 3154277
 313180 words of memory out of 3000000
 7579 multiletter control sequences out of 15000+200000
 13717 words of font info for 47 fonts, out of 3000000 for 9000
 714 hyphenation exceptions out of 8191
 41i,7n,41p,223b,1531s stack positions out of 5000i,500n,10000p,200000b,50000s
<D:/MiKTeX/fonts/type1/public/amsfonts/cm/cmbx
10.pfb><D:/MiKTeX/fonts/type1/public/amsfonts/cm/cmbx9.pfb><D:/MiKTeX/fonts/typ
e1/public/amsfonts/cm/cmmi10.pfb><D:/MiKTeX/fonts/type1/public/amsfonts/cm/cmmi
7.pfb><D:/MiKTeX/fonts/type1/public/amsfonts/cm/cmmi9.pfb><D:/MiKTeX/fonts/type
1/public/amsfonts/cm/cmr10.pfb><D:/MiKTeX/fonts/type1/public/amsfonts/cm/cmr9.p
fb><D:/MiKTeX/fonts/type1/public/amsfonts/cm/cmss12.pfb><D:/MiKTeX/fonts/type1/
public/amsfonts/cm/cmssbx10.pfb><D:/MiKTeX/fonts/type1/public/amsfonts/cm/cmsy1
0.pfb><D:/MiKTeX/fonts/type1/public/amsfonts/cm/cmsy9.pfb><D:/MiKTeX/fonts/type
1/public/amsfonts/cm/cmti10.pfb><D:/MiKTeX/fonts/type1/public/amsfonts/cm/cmtt1
0.pfb>
Output written on Arbeit.pdf (22 pages, 274530 bytes).
PDF statistics:
 140 PDF objects out of 1000 (max. 8388607)
 0 named destinations out of 1000 (max. 500000)
 12309 words of extra memory for PDF output out of 14400 (max. 10000000)

